Arguments: 
  /usr/local/bin/node /usr/local/bin/yarn install

PATH: 
  /usr/local/sbin:/usr/local/bin:/usr/sbin:/usr/bin:/sbin:/bin:/usr/games:/usr/local/games:/snap/bin:/home/amir/Android/Sdk/emulator:/home/amir/Android/Sdk/platform-tools

Yarn version: 
  1.22.11

Node version: 
  20.5.1

Platform: 
  linux x64

Trace: 
  Error: EIO: i/o error, copyfile '/home/amir/.cache/yarn/v6/npm-run-async-2.4.1-8440eccf99ea3e70bd409d49aab88e10c189a455-integrity/node_modules/run-async/LICENSE' -> '/home/amir/Documents/Spice/node_modules/run-async/LICENSE'

npm manifest: 
  {
    "private": true,
    "engines": {
      "node": ">=4"
    },
    "dependencies": {
      "bootstrap": "^4.3.1",
      "jquery": "^3.4.1",
      "modernizr": "^3.7.1",
      "popper.js": "^1.15.0"
    },
    "devDependencies": {
      "@babel/core": "^7.4.5",
      "@babel/preset-env": "^7.4.5",
      "autoprefixer": "^9.5.1",
      "browser-sync": "^2.26.5",
      "cross-env": "^5.2.0",
      "cssnano": "^4.1.10",
      "del": "^4.1.1",
      "gulp": "^4.0.2",
      "gulp-babel": "^8.0.0",
      "gulp-cli": "^2.2.0",
      "gulp-eslint": "^5.0.0",
      "gulp-filter": "^6.0.0",
      "gulp-htmlmin": "^5.0.1",
      "gulp-if": "^2.0.2",
      "gulp-imagemin": "^6.0.0",
      "gulp-load-plugins": "^1.6.0",
      "gulp-plumber": "^1.2.1",
      "gulp-postcss": "^8.0.0",
      "gulp-sass": "^5.1.0",
      "gulp-size": "^3.0.0",
      "gulp-uglify": "^3.0.2",
      "gulp-useref": "^3.1.6",
      "mkdirp": "^0.5.1",
      "mocha": "^6.1.4",
      "sass": "^1.58.3",
      "yargs": "13.2.4"
    },
    "scripts": {
      "serve:test": "cross-env NODE_ENV=test gulp serve",
      "serve:dist": "cross-env NODE_ENV=production gulp serve",
      "start": "gulp serve",
      "build": "cross-env NODE_ENV=production gulp",
      "test": "npm run serve:test",
      "tasks": "gulp --tasks"
    },
    "browserslist": [
      "> 1%",
      "last 2 versions",
      "Firefox ESR"
    ],
    "eslintConfig": {
      "parserOptions": {
        "sourceType": "module"
      },
      "env": {
        "es6": true,
        "node": true,
        "browser": true,
        "jquery": true
      },
      "rules": {
        "quotes": [
          2,
          "single"
        ]
      }
    }
  }

yarn manifest: 
  No manifest

Lockfile: 
  No lockfile
